<?xml version="1.0" encoding="UTF-8"?>
<testsuite xmlns:xsi="http://www.w3.org/2001/XMLSchema-instance" xsi:noNamespaceSchemaLocation="https://maven.apache.org/surefire/maven-surefire-plugin/xsd/surefire-test-report.xsd" name="edu.postech.csed332.homework2.CollectionTest" time="0.002" tests="6" errors="0" skipped="0" failures="0">
  <properties>
[...]
</properties>
  <testcase name="testRestoreCollection" classname="edu.postech.csed332.homework2.CollectionTest" time="0.001"/>
  <testcase name="testAddElement" classname="edu.postech.csed332.homework2.CollectionTest" time="0"/>
  <testcase name="testGetName" classname="edu.postech.csed332.homework2.CollectionTest" time="0"/>
  <testcase name="testDeleteElement" classname="edu.postech.csed332.homework2.CollectionTest" time="0"/>
  <testcase name="testGetStringRepresentation" classname="edu.postech.csed332.homework2.CollectionTest" time="0"/>
  <testcase name="testGetElements" classname="edu.postech.csed332.homework2.CollectionTest" time="0"/>
</testsuite>